Change Component Footprint: Designator=J1 Old Footprint=XT60PWF New Footprint=XT60F-S
Change Component Comment : Designator=J1 Old Comment=XT60PW-F/XT90I-F New Comment=XT60F
Added Component: Designator=CON5(BM03B-SRSS-TB)
Added Component: Designator=CON6(BM03B-SRSS-TB)
Added Component: Designator=CON7(BM04B-SRSS-TB)
Added Component: Designator=IC13(SOT95P280X145-5N)
Add component (AddParameter): Name = "Arrow Part Number"; Value = "UCC27536DBVR"; VariantName = "[No Variations]"
Add component (AddParameter): Name = "Arrow Price/Stock"; Value = "https://www.arrow.com/en/products/ucc27536dbvr/texas-instruments?region=nac"; VariantName = "[No Variations]"
Add component (AddParameter): Name = "Datasheet Link"; Value = "http://www.ti.com/general/docs/suppproductinfo.tsp?distId=10&gotoUrl=http%3A%2F%2Fwww.ti.com%2Flit%2Fgpn%2Fucc27533"; VariantName = "[No Variations]"
Add component (AddParameter): Name = "Height"; Value = "1.45mm"; VariantName = "[No Variations]"
Add component (AddParameter): Name = "Manufacturer_Name"; Value = "Texas Instruments"; VariantName = "[No Variations]"
Add component (AddParameter): Name = "Manufacturer_Part_Number"; Value = "UCC27536DBVR"; VariantName = "[No Variations]"
Add component (AddParameter): Name = "Mouser Part Number"; Value = "595-UCC27536DBVR"; VariantName = "[No Variations]"
Add component (AddParameter): Name = "Mouser Price/Stock"; Value = "https://www.mouser.co.uk/ProductDetail/Texas-Instruments/UCC27536DBVR?qs=agb8jVP5T2duSTBNeBxClA%3D%3D"; VariantName = "[No Variations]"
Added Component: Designator=Q11(TPH2R306NH1LQ)
Add component (AddParameter): Name = "Arrow Part Number"; Value = ""; VariantName = "[No Variations]"
Add component (AddParameter): Name = "Arrow Price/Stock"; Value = ""; VariantName = "[No Variations]"
Add component (AddParameter): Name = "Datasheet Link"; Value = "https://toshiba.semicon-storage.com/info/docget.jsp?did=69024&prodName=TPH4R50ANH1"; VariantName = "[No Variations]"
Add component (AddParameter): Name = "Height"; Value = "1.1mm"; VariantName = "[No Variations]"
Add component (AddParameter): Name = "Manufacturer_Name"; Value = "Toshiba"; VariantName = "[No Variations]"
Add component (AddParameter): Name = "Manufacturer_Part_Number"; Value = "TPH4R50ANH1"; VariantName = "[No Variations]"
Add component (AddParameter): Name = "Mouser Part Number"; Value = ""; VariantName = "[No Variations]"
Add component (AddParameter): Name = "Mouser Price/Stock"; Value = ""; VariantName = "[No Variations]"
Added Component: Designator=R17(R 0402)
Added Component: Designator=R18(R 0402)
Added Pin To Net: NetName=3.3v Pin=CON5-2
Added Pin To Net: NetName=GND Pin=CON5-3
Added Pin To Net: NetName=3.3v Pin=CON6-2
Added Pin To Net: NetName=GND Pin=CON6-3
Added Pin To Net: NetName=3.3v Pin=CON7-3
Added Pin To Net: NetName=GND Pin=CON7-4
Added Pin To Net: NetName=GND Pin=IC13-2
Added Pin To Net: NetName=24v Pin=IC13-5
Added Pin To Net: NetName=NetD1_2 Pin=Q11-1
Added Pin To Net: NetName=NetD1_2 Pin=Q11-2
Added Pin To Net: NetName=NetD1_2 Pin=Q11-3
Added Pin To Net: NetName=VCHR/DIS Pin=Q11-5
Added Pin To Net: NetName=VCHR/DIS Pin=Q11-6
Added Pin To Net: NetName=VCHR/DIS Pin=Q11-7
Added Pin To Net: NetName=VCHR/DIS Pin=Q11-8
Added Pin To Net: NetName=VCHR/DIS Pin=Q11-9
Added Pin To Net: NetName=NetQ7_2 Pin=R17-1
Added Pin To Net: NetName=24v Pin=R17-2
Added Pin To Net: NetName=24v Pin=R18-2
Added Pin To Net: NetName=CHARGE Pin=IC2-20
Added Pin To Net: NetName=CHARGE Pin=IC13-3
Added Net: Name=CHARGE
Added Pin To Net: NetName=extra1 Pin=CON7-1
Added Pin To Net: NetName=extra1 Pin=IC2-24
Added Net: Name=extra1
Added Pin To Net: NetName=extra2 Pin=CON7-2
Added Pin To Net: NetName=extra2 Pin=IC2-23
Added Net: Name=extra2
Added Pin To Net: NetName=extra3 Pin=CON6-1
Added Pin To Net: NetName=extra3 Pin=IC2-22
Added Net: Name=extra3
Added Pin To Net: NetName=extra4 Pin=CON5-1
Added Pin To Net: NetName=extra4 Pin=IC2-21
Added Net: Name=extra4
Added Pin To Net: NetName=NetIC13_1 Pin=IC13-1
Added Pin To Net: NetName=NetIC13_1 Pin=R18-1
Added Net: Name=NetIC13_1
Added Pin To Net: NetName=NetIC13_4 Pin=IC13-4
Added Pin To Net: NetName=NetIC13_4 Pin=Q11-4
Added Net: Name=NetIC13_4
Change Class Name : Old Net Name=main relay and current sensor New Net Name=main relay and current sensor 
Added Member To Class: ClassName=mcu and voltage regulators Member=Component CON5 3 Pin
Added Member To Class: ClassName=mcu and voltage regulators Member=Component CON6 3 Pin
Added Member To Class: ClassName=mcu and voltage regulators Member=Component CON7 4 PIN
Added Member To Class: ClassName=ovp and charger Member=Component IC13 UCC27536DBVR
Added Member To Class: ClassName=ovp and charger Member=Component Q11 TPH4R50ANH1
Added Member To Class: ClassName=main relay and current sensor  Member=Component R17 0
Added Member To Class: ClassName=ovp and charger Member=Component R18 10k
