Added Component: Designator=*1(hp_relay)
Added Component: Designator=C1(C 0603)
Added Component: Designator=C2(C 0603)
Added Component: Designator=C3(C 0603)
Added Component: Designator=C4(C 0603)
Added Component: Designator=C5(C 0603)
Added Component: Designator=C6(C 0603)
Added Component: Designator=C7(C 0603)
Added Component: Designator=c8(7461098)
Add component (AddParameter): Name = "Arrow Part Number"; Value = ""; VariantName = "[No Variations]"
Add component (AddParameter): Name = "Arrow Price/Stock"; Value = ""; VariantName = "[No Variations]"
Add component (AddParameter): Name = "Datasheet Link"; Value = "https://katalog.we-online.com/em/datasheet/7461098.pdf"; VariantName = "[No Variations]"
Add component (AddParameter): Name = "Height"; Value = "15.5mm"; VariantName = "[No Variations]"
Add component (AddParameter): Name = "Manufacturer_Name"; Value = "Wurth Elektronik"; VariantName = "[No Variations]"
Add component (AddParameter): Name = "Manufacturer_Part_Number"; Value = "7461098"; VariantName = "[No Variations]"
Add component (AddParameter): Name = "Mouser Part Number"; Value = "710-7461098"; VariantName = "[No Variations]"
Add component (AddParameter): Name = "Mouser Price/Stock"; Value = "https://www.mouser.co.uk/ProductDetail/Wurth-Elektronik/7461098?qs=lykWx4dhCCGHHs7z4oM%2FDg%3D%3D"; VariantName = "[No Variations]"
Added Component: Designator=c9(7461098)
Add component (AddParameter): Name = "Arrow Part Number"; Value = ""; VariantName = "[No Variations]"
Add component (AddParameter): Name = "Arrow Price/Stock"; Value = ""; VariantName = "[No Variations]"
Add component (AddParameter): Name = "Datasheet Link"; Value = "https://katalog.we-online.com/em/datasheet/7461098.pdf"; VariantName = "[No Variations]"
Add component (AddParameter): Name = "Height"; Value = "15.5mm"; VariantName = "[No Variations]"
Add component (AddParameter): Name = "Manufacturer_Name"; Value = "Wurth Elektronik"; VariantName = "[No Variations]"
Add component (AddParameter): Name = "Manufacturer_Part_Number"; Value = "7461098"; VariantName = "[No Variations]"
Add component (AddParameter): Name = "Mouser Part Number"; Value = "710-7461098"; VariantName = "[No Variations]"
Add component (AddParameter): Name = "Mouser Price/Stock"; Value = "https://www.mouser.co.uk/ProductDetail/Wurth-Elektronik/7461098?qs=lykWx4dhCCGHHs7z4oM%2FDg%3D%3D"; VariantName = "[No Variations]"
Added Component: Designator=C10(C 0603)
Added Component: Designator=C11(C 0603)
Added Component: Designator=C12(C 0603)
Added Component: Designator=C13(C 0603)
Added Component: Designator=C14(C 0603)
Added Component: Designator=C15(C 0603)
Added Component: Designator=C16(C 0603)
Added Component: Designator=C17(C 0603)
Added Component: Designator=C18(C 0603)
Added Component: Designator=c19(7461098)
Add component (AddParameter): Name = "Arrow Part Number"; Value = ""; VariantName = "[No Variations]"
Add component (AddParameter): Name = "Arrow Price/Stock"; Value = ""; VariantName = "[No Variations]"
Add component (AddParameter): Name = "Datasheet Link"; Value = "https://katalog.we-online.com/em/datasheet/7461098.pdf"; VariantName = "[No Variations]"
Add component (AddParameter): Name = "Height"; Value = "15.5mm"; VariantName = "[No Variations]"
Add component (AddParameter): Name = "Manufacturer_Name"; Value = "Wurth Elektronik"; VariantName = "[No Variations]"
Add component (AddParameter): Name = "Manufacturer_Part_Number"; Value = "7461098"; VariantName = "[No Variations]"
Add component (AddParameter): Name = "Mouser Part Number"; Value = "710-7461098"; VariantName = "[No Variations]"
Add component (AddParameter): Name = "Mouser Price/Stock"; Value = "https://www.mouser.co.uk/ProductDetail/Wurth-Elektronik/7461098?qs=lykWx4dhCCGHHs7z4oM%2FDg%3D%3D"; VariantName = "[No Variations]"
Added Component: Designator=CON1(BM04B-SRSS-TB)
Added Component: Designator=CON2(BM03B-SRSS-TB)
Added Component: Designator=CON3(BM04B-SRSS-TB)
Added Component: Designator=CON4(BM04B-SRSS-TB)
Added Component: Designator=D1(TN5015H6G)
Add component (AddParameter): Name = "Arrow Part Number"; Value = ""; VariantName = "[No Variations]"
Add component (AddParameter): Name = "Arrow Price/Stock"; Value = ""; VariantName = "[No Variations]"
Add component (AddParameter): Name = "Datasheet Link"; Value = "https://www.st.com/resource/en/datasheet/tn5015h-6g.pdf"; VariantName = "[No Variations]"
Add component (AddParameter): Name = "Height"; Value = "4.83mm"; VariantName = "[No Variations]"
Add component (AddParameter): Name = "Manufacturer_Name"; Value = "STMicroelectronics"; VariantName = "[No Variations]"
Add component (AddParameter): Name = "Manufacturer_Part_Number"; Value = "TN5015H-6G"; VariantName = "[No Variations]"
Add component (AddParameter): Name = "Mouser Part Number"; Value = "511-TN5015H-6G"; VariantName = "[No Variations]"
Add component (AddParameter): Name = "Mouser Price/Stock"; Value = "https://www.mouser.com/Search/Refine.aspx?Keyword=511-TN5015H-6G"; VariantName = "[No Variations]"
Added Component: Designator=D2(DIOM8059X265N)
Add component (AddParameter): Name = "Arrow Part Number"; Value = ""; VariantName = "[No Variations]"
Add component (AddParameter): Name = "Arrow Price/Stock"; Value = ""; VariantName = "[No Variations]"
Add component (AddParameter): Name = "Datasheet Link"; Value = "https://www.taiwansemi.com/assets/uploads/datasheet/S8GCH%20SERIES_B2210.pdf"; VariantName = "[No Variations]"
Add component (AddParameter): Name = "Height"; Value = "2.65mm"; VariantName = "[No Variations]"
Add component (AddParameter): Name = "Manufacturer_Name"; Value = "Taiwan Semiconductor"; VariantName = "[No Variations]"
Add component (AddParameter): Name = "Manufacturer_Part_Number"; Value = "S8MCHR7"; VariantName = "[No Variations]"
Add component (AddParameter): Name = "Mouser Part Number"; Value = "821-S8MCHR7"; VariantName = "[No Variations]"
Add component (AddParameter): Name = "Mouser Price/Stock"; Value = "https://www.mouser.co.uk/ProductDetail/Taiwan-Semiconductor/S8MCHR7?qs=AQlKX63v8RvCIiq7OIToww%3D%3D"; VariantName = "[No Variations]"
Added Component: Designator=F1(FUSC6127X269N)
Add component (AddParameter): Name = "Arrow Part Number"; Value = ""; VariantName = "[No Variations]"
Add component (AddParameter): Name = "Arrow Price/Stock"; Value = ""; VariantName = "[No Variations]"
Add component (AddParameter): Name = "Datasheet Link"; Value = "https://componentsearchengine.com/Datasheets/2/0448.062MR.pdf"; VariantName = "[No Variations]"
Add component (AddParameter): Name = "Height"; Value = "2.69mm"; VariantName = "[No Variations]"
Add component (AddParameter): Name = "Manufacturer_Name"; Value = "LITTELFUSE"; VariantName = "[No Variations]"
Add component (AddParameter): Name = "Manufacturer_Part_Number"; Value = "0448.062MR"; VariantName = "[No Variations]"
Add component (AddParameter): Name = "Mouser Part Number"; Value = "576-0448.062MR"; VariantName = "[No Variations]"
Add component (AddParameter): Name = "Mouser Price/Stock"; Value = "https://www.mouser.co.uk/ProductDetail/Littelfuse/0448.062MR?qs=7ubOrdQhHjPQsAdlJBZ1og%3D%3D"; VariantName = "[No Variations]"
Added Component: Designator=IC1(SON50P300X300X80-13N)
Add component (AddParameter): Name = "Arrow Part Number"; Value = ""; VariantName = "[No Variations]"
Add component (AddParameter): Name = "Arrow Price/Stock"; Value = ""; VariantName = "[No Variations]"
Add component (AddParameter): Name = "Datasheet Link"; Value = "https://www.ti.com/lit/ds/symlink/lmr38015-q1.pdf?ts=1713432847481&ref_url=https%253A%252F%252Fwww.ti.com%252Fproduct%252FLMR38015-Q1%252Fpart-details%252FLMR38015SQDRRRQ1%253Futm_source%253Dgoogle%2526utm_medium%253Dcpc%2526utm_campaign%253Docb-tistore-n"; VariantName = "[No Variations]"
Add component (AddParameter): Name = "Height"; Value = "0.8mm"; VariantName = "[No Variations]"
Add component (AddParameter): Name = "Manufacturer_Name"; Value = "Texas Instruments"; VariantName = "[No Variations]"
Add component (AddParameter): Name = "Manufacturer_Part_Number"; Value = "LMR38015SQDRRRQ1"; VariantName = "[No Variations]"
Add component (AddParameter): Name = "Mouser Part Number"; Value = ""; VariantName = "[No Variations]"
Add component (AddParameter): Name = "Mouser Price/Stock"; Value = ""; VariantName = "[No Variations]"
Added Component: Designator=IC2(QFP80P900X900X160-32N)
Add component (AddParameter): Name = "Arrow Part Number"; Value = ""; VariantName = "[No Variations]"
Add component (AddParameter): Name = "Arrow Price/Stock"; Value = ""; VariantName = "[No Variations]"
Add component (AddParameter): Name = "Datasheet Link"; Value = "https://www.st.com/resource/en/datasheet/stm32c031c4.pdf"; VariantName = "[No Variations]"
Add component (AddParameter): Name = "Height"; Value = "1.6mm"; VariantName = "[No Variations]"
Add component (AddParameter): Name = "Manufacturer_Name"; Value = "STMicroelectronics"; VariantName = "[No Variations]"
Add component (AddParameter): Name = "Manufacturer_Part_Number"; Value = "STM32C031K6T6"; VariantName = "[No Variations]"
Add component (AddParameter): Name = "Mouser Part Number"; Value = "511-STM32C031K6T6"; VariantName = "[No Variations]"
Add component (AddParameter): Name = "Mouser Price/Stock"; Value = "https://www.mouser.co.uk/ProductDetail/STMicroelectronics/STM32C031K6T6?qs=IPgv5n7u5QYX61LfvY0BQA%3D%3D"; VariantName = "[No Variations]"
Added Component: Designator=IC3(SOTFL50P160X60-8N)
Add component (AddParameter): Name = "Arrow Part Number"; Value = "TPS62933ODRLR"; VariantName = "[No Variations]"
Add component (AddParameter): Name = "Arrow Price/Stock"; Value = "https://www.arrow.com/en/products/tps62933odrlr/texas-instruments?region=europe"; VariantName = "[No Variations]"
Add component (AddParameter): Name = "Datasheet Link"; Value = "https://www.ti.com/lit/ds/symlink/tps62933o.pdf?ts=1692352588671&ref_url=https%253A%252F%252Fwww.ti.com%252Fproduct%252FTPS62933O%252Fpart-details%252FTPS62933ODRLR"; VariantName = "[No Variations]"
Add component (AddParameter): Name = "Height"; Value = "0.6mm"; VariantName = "[No Variations]"
Add component (AddParameter): Name = "Manufacturer_Name"; Value = "Texas Instruments"; VariantName = "[No Variations]"
Add component (AddParameter): Name = "Manufacturer_Part_Number"; Value = "TPS62933ODRLR"; VariantName = "[No Variations]"
Add component (AddParameter): Name = "Mouser Part Number"; Value = "595-TPS62933ODRLR"; VariantName = "[No Variations]"
Add component (AddParameter): Name = "Mouser Price/Stock"; Value = "https://www.mouser.co.uk/ProductDetail/Texas-Instruments/TPS62933ODRLR?qs=By6Nw2ByBD3VuSv7z7GudQ%3D%3D"; VariantName = "[No Variations]"
Added Component: Designator=IC4(SOT95P280X100-6N)
Add component (AddParameter): Name = "Arrow Part Number"; Value = "LT1790BCS6-2.048#TRMPBF"; VariantName = "[No Variations]"
Add component (AddParameter): Name = "Arrow Price/Stock"; Value = "https://www.arrow.com/en/products/lt1790bcs6-2.048trmpbf/analog-devices"; VariantName = "[No Variations]"
Add component (AddParameter): Name = "Datasheet Link"; Value = "https://www.analog.com/media/en/technical-documentation/data-sheets/1790fc.pdf"; VariantName = "[No Variations]"
Add component (AddParameter): Name = "Height"; Value = "1mm"; VariantName = "[No Variations]"
Add component (AddParameter): Name = "Manufacturer_Name"; Value = "Analog Devices"; VariantName = "[No Variations]"
Add component (AddParameter): Name = "Manufacturer_Part_Number"; Value = "LT1790BCS6-2.048#TRMPBF"; VariantName = "[No Variations]"
Add component (AddParameter): Name = "Mouser Part Number"; Value = "584-1790BC62.048TMPF"; VariantName = "[No Variations]"
Add component (AddParameter): Name = "Mouser Price/Stock"; Value = "https://www.mouser.co.uk/ProductDetail/Analog-Devices/LT1790BCS6-2.048TRMPBF?qs=ytflclh7QUVJGs6hkybxiQ%3D%3D"; VariantName = "[No Variations]"
Added Component: Designator=IC5(SOT65P280X110-8N)
Add component (AddParameter): Name = "Arrow Part Number"; Value = "LM393LVDDFR"; VariantName = "[No Variations]"
Add component (AddParameter): Name = "Arrow Price/Stock"; Value = "null?region=nac"; VariantName = "[No Variations]"
Add component (AddParameter): Name = "Datasheet Link"; Value = "https://www.ti.com/lit/ds/symlink/lm339lv.pdf"; VariantName = "[No Variations]"
Add component (AddParameter): Name = "Height"; Value = "1.1mm"; VariantName = "[No Variations]"
Add component (AddParameter): Name = "Manufacturer_Name"; Value = "Texas Instruments"; VariantName = "[No Variations]"
Add component (AddParameter): Name = "Manufacturer_Part_Number"; Value = "LM393LVDDFR"; VariantName = "[No Variations]"
Add component (AddParameter): Name = "Mouser Part Number"; Value = "595-LM393LVDDFR"; VariantName = "[No Variations]"
Add component (AddParameter): Name = "Mouser Price/Stock"; Value = "https://www.mouser.co.uk/ProductDetail/Texas-Instruments/LM393LVDDFR?qs=t7xnP681wgU3mxf6oy%252BzkQ%3D%3D"; VariantName = "[No Variations]"
Added Component: Designator=IC6(SOT65P280X110-8N)
Add component (AddParameter): Name = "Arrow Part Number"; Value = "LM393LVDDFR"; VariantName = "[No Variations]"
Add component (AddParameter): Name = "Arrow Price/Stock"; Value = "null?region=nac"; VariantName = "[No Variations]"
Add component (AddParameter): Name = "Datasheet Link"; Value = "https://www.ti.com/lit/ds/symlink/lm339lv.pdf"; VariantName = "[No Variations]"
Add component (AddParameter): Name = "Height"; Value = "1.1mm"; VariantName = "[No Variations]"
Add component (AddParameter): Name = "Manufacturer_Name"; Value = "Texas Instruments"; VariantName = "[No Variations]"
Add component (AddParameter): Name = "Manufacturer_Part_Number"; Value = "LM393LVDDFR"; VariantName = "[No Variations]"
Add component (AddParameter): Name = "Mouser Part Number"; Value = "595-LM393LVDDFR"; VariantName = "[No Variations]"
Add component (AddParameter): Name = "Mouser Price/Stock"; Value = "https://www.mouser.co.uk/ProductDetail/Texas-Instruments/LM393LVDDFR?qs=t7xnP681wgU3mxf6oy%252BzkQ%3D%3D"; VariantName = "[No Variations]"
Added Component: Designator=IC7(SOT65P280X110-8N)
Add component (AddParameter): Name = "Arrow Part Number"; Value = "LM393LVDDFR"; VariantName = "[No Variations]"
Add component (AddParameter): Name = "Arrow Price/Stock"; Value = "null?region=nac"; VariantName = "[No Variations]"
Add component (AddParameter): Name = "Datasheet Link"; Value = "https://www.ti.com/lit/ds/symlink/lm339lv.pdf"; VariantName = "[No Variations]"
Add component (AddParameter): Name = "Height"; Value = "1.1mm"; VariantName = "[No Variations]"
Add component (AddParameter): Name = "Manufacturer_Name"; Value = "Texas Instruments"; VariantName = "[No Variations]"
Add component (AddParameter): Name = "Manufacturer_Part_Number"; Value = "LM393LVDDFR"; VariantName = "[No Variations]"
Add component (AddParameter): Name = "Mouser Part Number"; Value = "595-LM393LVDDFR"; VariantName = "[No Variations]"
Add component (AddParameter): Name = "Mouser Price/Stock"; Value = "https://www.mouser.co.uk/ProductDetail/Texas-Instruments/LM393LVDDFR?qs=t7xnP681wgU3mxf6oy%252BzkQ%3D%3D"; VariantName = "[No Variations]"
Added Component: Designator=IC8(SOT95P280X145-5N)
Add component (AddParameter): Name = "Arrow Part Number"; Value = "UCC27536DBVR"; VariantName = "[No Variations]"
Add component (AddParameter): Name = "Arrow Price/Stock"; Value = "https://www.arrow.com/en/products/ucc27536dbvr/texas-instruments?region=nac"; VariantName = "[No Variations]"
Add component (AddParameter): Name = "Datasheet Link"; Value = "http://www.ti.com/general/docs/suppproductinfo.tsp?distId=10&gotoUrl=http%3A%2F%2Fwww.ti.com%2Flit%2Fgpn%2Fucc27533"; VariantName = "[No Variations]"
Add component (AddParameter): Name = "Height"; Value = "1.45mm"; VariantName = "[No Variations]"
Add component (AddParameter): Name = "Manufacturer_Name"; Value = "Texas Instruments"; VariantName = "[No Variations]"
Add component (AddParameter): Name = "Manufacturer_Part_Number"; Value = "UCC27536DBVR"; VariantName = "[No Variations]"
Add component (AddParameter): Name = "Mouser Part Number"; Value = "595-UCC27536DBVR"; VariantName = "[No Variations]"
Add component (AddParameter): Name = "Mouser Price/Stock"; Value = "https://www.mouser.co.uk/ProductDetail/Texas-Instruments/UCC27536DBVR?qs=agb8jVP5T2duSTBNeBxClA%3D%3D"; VariantName = "[No Variations]"
Added Component: Designator=IC9(SOT95P280X145-5N)
Add component (AddParameter): Name = "Arrow Part Number"; Value = "UCC27536DBVR"; VariantName = "[No Variations]"
Add component (AddParameter): Name = "Arrow Price/Stock"; Value = "https://www.arrow.com/en/products/ucc27536dbvr/texas-instruments?region=nac"; VariantName = "[No Variations]"
Add component (AddParameter): Name = "Datasheet Link"; Value = "http://www.ti.com/general/docs/suppproductinfo.tsp?distId=10&gotoUrl=http%3A%2F%2Fwww.ti.com%2Flit%2Fgpn%2Fucc27533"; VariantName = "[No Variations]"
Add component (AddParameter): Name = "Height"; Value = "1.45mm"; VariantName = "[No Variations]"
Add component (AddParameter): Name = "Manufacturer_Name"; Value = "Texas Instruments"; VariantName = "[No Variations]"
Add component (AddParameter): Name = "Manufacturer_Part_Number"; Value = "UCC27536DBVR"; VariantName = "[No Variations]"
Add component (AddParameter): Name = "Mouser Part Number"; Value = "595-UCC27536DBVR"; VariantName = "[No Variations]"
Add component (AddParameter): Name = "Mouser Price/Stock"; Value = "https://www.mouser.co.uk/ProductDetail/Texas-Instruments/UCC27536DBVR?qs=agb8jVP5T2duSTBNeBxClA%3D%3D"; VariantName = "[No Variations]"
Added Component: Designator=IC10(SOT95P280X145-5N)
Add component (AddParameter): Name = "Arrow Part Number"; Value = "UCC27536DBVR"; VariantName = "[No Variations]"
Add component (AddParameter): Name = "Arrow Price/Stock"; Value = "https://www.arrow.com/en/products/ucc27536dbvr/texas-instruments?region=nac"; VariantName = "[No Variations]"
Add component (AddParameter): Name = "Datasheet Link"; Value = "http://www.ti.com/general/docs/suppproductinfo.tsp?distId=10&gotoUrl=http%3A%2F%2Fwww.ti.com%2Flit%2Fgpn%2Fucc27533"; VariantName = "[No Variations]"
Add component (AddParameter): Name = "Height"; Value = "1.45mm"; VariantName = "[No Variations]"
Add component (AddParameter): Name = "Manufacturer_Name"; Value = "Texas Instruments"; VariantName = "[No Variations]"
Add component (AddParameter): Name = "Manufacturer_Part_Number"; Value = "UCC27536DBVR"; VariantName = "[No Variations]"
Add component (AddParameter): Name = "Mouser Part Number"; Value = "595-UCC27536DBVR"; VariantName = "[No Variations]"
Add component (AddParameter): Name = "Mouser Price/Stock"; Value = "https://www.mouser.co.uk/ProductDetail/Texas-Instruments/UCC27536DBVR?qs=agb8jVP5T2duSTBNeBxClA%3D%3D"; VariantName = "[No Variations]"
Added Component: Designator=IC11(TMCS1123C1AQDVGR)
Add component (AddParameter): Name = "Arrow Part Number"; Value = ""; VariantName = "[No Variations]"
Add component (AddParameter): Name = "Arrow Price/Stock"; Value = ""; VariantName = "[No Variations]"
Add component (AddParameter): Name = "Datasheet Link"; Value = "https://www.ti.com/lit/ds/symlink/tmcs1123.pdf?ts=1704229136457&ref_url=https%253A%252F%252Fwww.ti.com%252Fproduct%252FTMCS1123"; VariantName = "[No Variations]"
Add component (AddParameter): Name = "Height"; Value = "2.65mm"; VariantName = "[No Variations]"
Add component (AddParameter): Name = "Manufacturer_Name"; Value = "Texas Instruments"; VariantName = "[No Variations]"
Add component (AddParameter): Name = "Manufacturer_Part_Number"; Value = "TMCS1123C1AQDVGR"; VariantName = "[No Variations]"
Add component (AddParameter): Name = "Mouser Part Number"; Value = "595-TMCS1123C1AQDVGR"; VariantName = "[No Variations]"
Add component (AddParameter): Name = "Mouser Price/Stock"; Value = "https://www.mouser.co.uk/ProductDetail/Texas-Instruments/TMCS1123C1AQDVGR?qs=mELouGlnn3cqlmNpXPPIig%3D%3D"; VariantName = "[No Variations]"
Added Component: Designator=IC12(SOT95P280X145-5N)
Add component (AddParameter): Name = "Arrow Part Number"; Value = "UCC27536DBVR"; VariantName = "[No Variations]"
Add component (AddParameter): Name = "Arrow Price/Stock"; Value = "https://www.arrow.com/en/products/ucc27536dbvr/texas-instruments?region=nac"; VariantName = "[No Variations]"
Add component (AddParameter): Name = "Datasheet Link"; Value = "http://www.ti.com/general/docs/suppproductinfo.tsp?distId=10&gotoUrl=http%3A%2F%2Fwww.ti.com%2Flit%2Fgpn%2Fucc27533"; VariantName = "[No Variations]"
Add component (AddParameter): Name = "Height"; Value = "1.45mm"; VariantName = "[No Variations]"
Add component (AddParameter): Name = "Manufacturer_Name"; Value = "Texas Instruments"; VariantName = "[No Variations]"
Add component (AddParameter): Name = "Manufacturer_Part_Number"; Value = "UCC27536DBVR"; VariantName = "[No Variations]"
Add component (AddParameter): Name = "Mouser Part Number"; Value = "595-UCC27536DBVR"; VariantName = "[No Variations]"
Add component (AddParameter): Name = "Mouser Price/Stock"; Value = "https://www.mouser.co.uk/ProductDetail/Texas-Instruments/UCC27536DBVR?qs=agb8jVP5T2duSTBNeBxClA%3D%3D"; VariantName = "[No Variations]"
Added Component: Designator=J1(XT60PWF)
Add component (AddParameter): Name = "Arrow Part Number"; Value = ""; VariantName = "[No Variations]"
Add component (AddParameter): Name = "Arrow Price/Stock"; Value = ""; VariantName = "[No Variations]"
Add component (AddParameter): Name = "ComponentLink1Description"; Value = "New link"; VariantName = "[No Variations]"
Add component (AddParameter): Name = "ComponentLink1URL"; Value = ""; VariantName = "[No Variations]"
Add component (AddParameter): Name = "Datasheet Link"; Value = "https://www.tme.eu/Document/1191bc2fa3aee3c446e5a895fd8f7983/XT60PW-F.pdf"; VariantName = "[No Variations]"
Add component (AddParameter): Name = "Height"; Value = "8.4mm"; VariantName = "[No Variations]"
Add component (AddParameter): Name = "Manufacturer_Name"; Value = "Amass"; VariantName = "[No Variations]"
Add component (AddParameter): Name = "Manufacturer_Part_Number"; Value = "XT60PW-F"; VariantName = "[No Variations]"
Add component (AddParameter): Name = "Mouser Part Number"; Value = ""; VariantName = "[No Variations]"
Add component (AddParameter): Name = "Mouser Price/Stock"; Value = "https://www.tme.eu/pl/details/xt60pw-f/zlacza-dc/amass/"; VariantName = "[No Variations]"
Added Component: Designator=J2(SHDR2W64P0X250_1X2_740X575X700P)
Add component (AddParameter): Name = "Arrow Part Number"; Value = ""; VariantName = "[No Variations]"
Add component (AddParameter): Name = "Arrow Price/Stock"; Value = ""; VariantName = "[No Variations]"
Add component (AddParameter): Name = "Datasheet Link"; Value = "http://www.farnell.com/datasheets/5448.pdf"; VariantName = "[No Variations]"
Add component (AddParameter): Name = "Height"; Value = "7mm"; VariantName = "[No Variations]"
Add component (AddParameter): Name = "Manufacturer_Name"; Value = "JST (JAPAN SOLDERLESS TERMINALS)"; VariantName = "[No Variations]"
Add component (AddParameter): Name = "Manufacturer_Part_Number"; Value = "B2B-XH-A (LF)(SN)"; VariantName = "[No Variations]"
Add component (AddParameter): Name = "Mouser Part Number"; Value = ""; VariantName = "[No Variations]"
Add component (AddParameter): Name = "Mouser Price/Stock"; Value = ""; VariantName = "[No Variations]"
Added Component: Designator=L1(L 1206)
Added Component: Designator=L2(SRR1210390M)
Added Component: Designator=LED1(LEDC1608X80N)
Add component (AddParameter): Name = "Arrow Part Number"; Value = "FKR1111C-TR"; VariantName = "[No Variations]"
Add component (AddParameter): Name = "Arrow Price/Stock"; Value = "https://www.arrow.com/en/products/fkr1111c-tr/stanley-electric?region=nac"; VariantName = "[No Variations]"
Add component (AddParameter): Name = "Datasheet Link"; Value = "http://www.stanley-components.com/php/downloaddatafile.php?rp=0,FKR1111C-TR_e.pdf"; VariantName = "[No Variations]"
Add component (AddParameter): Name = "Height"; Value = "0.8mm"; VariantName = "[No Variations]"
Add component (AddParameter): Name = "Manufacturer_Name"; Value = "Stanley Electric"; VariantName = "[No Variations]"
Add component (AddParameter): Name = "Manufacturer_Part_Number"; Value = "FKR1111C-TR"; VariantName = "[No Variations]"
Add component (AddParameter): Name = "Mouser Part Number"; Value = "327-FKR1111CTR"; VariantName = "[No Variations]"
Add component (AddParameter): Name = "Mouser Price/Stock"; Value = "https://www.mouser.co.uk/ProductDetail/Stanley-Electric/FKR1111C-TR?qs=byeeYqUIh0N4LNttpqKOoA%3D%3D"; VariantName = "[No Variations]"
Added Component: Designator=Q1(SOT23-3)
Added Component: Designator=Q2(SOT23-3)
Added Component: Designator=Q3(SOT23-3)
Added Component: Designator=Q4(SOT23-3)
Added Component: Designator=Q5(SOT23-3)
Added Component: Designator=Q6(SOT23-3)
Added Component: Designator=Q7(SOT323)
Added Component: Designator=Q8(SOT323)
Added Component: Designator=Q9(SOT323)
Added Component: Designator=Q10(SOT323)
Added Component: Designator=R1(R 0402)
Added Component: Designator=R2(R 0402)
Added Component: Designator=R3(R 0402)
Added Component: Designator=R4(R 0402)
Added Component: Designator=R5(R 0402)
Added Component: Designator=R6(R 0402)
Added Component: Designator=R7(R 0402)
Added Component: Designator=R8(R 0402)
Added Component: Designator=R9(R 0603)
Added Component: Designator=R10(R 0603)
Added Component: Designator=R11(R 0402)
Added Component: Designator=R12(R 0402)
Added Component: Designator=R13(R 0402)
Added Component: Designator=R14(R 0402)
Added Component: Designator=R15(R 0402)
Added Component: Designator=R16(R 2512)
Added Component: Designator=R20(R 0402)
Added Component: Designator=R21(R 0402)
Added Component: Designator=R22(R 2512)
Added Component: Designator=R23(R 0402)
Added Component: Designator=R24(R 0402)
Added Component: Designator=R25(R 0402)
Added Component: Designator=R26(R 0402)
Added Component: Designator=U1(696106003002)
Add component (AddParameter): Name = "Arrow Part Number"; Value = ""; VariantName = "[No Variations]"
Add component (AddParameter): Name = "Arrow Price/Stock"; Value = ""; VariantName = "[No Variations]"
Add component (AddParameter): Name = "Datasheet Link"; Value = "https://componentsearchengine.com/Datasheets/1/696106003002.pdf"; VariantName = "[No Variations]"
Add component (AddParameter): Name = "Height"; Value = "11.6mm"; VariantName = "[No Variations]"
Add component (AddParameter): Name = "Manufacturer_Name"; Value = "Wurth Elektronik"; VariantName = "[No Variations]"
Add component (AddParameter): Name = "Manufacturer_Part_Number"; Value = "696106003002"; VariantName = "[No Variations]"
Add component (AddParameter): Name = "Mouser Part Number"; Value = "710-696106003002"; VariantName = "[No Variations]"
Add component (AddParameter): Name = "Mouser Price/Stock"; Value = "https://www.mouser.co.uk/ProductDetail/Wurth-Elektronik/696106003002?qs=%252BEew9%252B0nqrD8aph4yLDrDg%3D%3D"; VariantName = "[No Variations]"
Added Component: Designator=VR2(PTN10E02HB20)
Add component (AddParameter): Name = "Arrow Part Number"; Value = ""; VariantName = "[No Variations]"
Add component (AddParameter): Name = "Arrow Price/Stock"; Value = ""; VariantName = "[No Variations]"
Add component (AddParameter): Name = "Datasheet Link"; Value = "https://www.mouser.pl/ProductDetail/CUI-Devices/PTN06-D20CB20?qs=Jm2GQyTW%2Fbi6yAl5ToF%252B9A%3D%3D"; VariantName = "[No Variations]"
Add component (AddParameter): Name = "Height"; Value = "6.2mm"; VariantName = "[No Variations]"
Add component (AddParameter): Name = "Manufacturer_Name"; Value = "CUI Devices"; VariantName = "[No Variations]"
Add component (AddParameter): Name = "Manufacturer_Part_Number"; Value = "PTN10-E02HB20"; VariantName = "[No Variations]"
Add component (AddParameter): Name = "Mouser Part Number"; Value = "179-PTN10-E02HB20"; VariantName = "[No Variations]"
Add component (AddParameter): Name = "Mouser Price/Stock"; Value = "https://www.mouser.co.uk/ProductDetail/CUI-Devices/PTN10-E02HB20?qs=vvQtp7zwQdPZBhOJTXlYlA%3D%3D"; VariantName = "[No Variations]"
Added Component: Designator=VR3(PTN10E02HB20)
Add component (AddParameter): Name = "Arrow Part Number"; Value = ""; VariantName = "[No Variations]"
Add component (AddParameter): Name = "Arrow Price/Stock"; Value = ""; VariantName = "[No Variations]"
Add component (AddParameter): Name = "Datasheet Link"; Value = "https://www.mouser.pl/ProductDetail/CUI-Devices/PTN06-D20CB20?qs=Jm2GQyTW%2Fbi6yAl5ToF%252B9A%3D%3D"; VariantName = "[No Variations]"
Add component (AddParameter): Name = "Height"; Value = "6.2mm"; VariantName = "[No Variations]"
Add component (AddParameter): Name = "Manufacturer_Name"; Value = "CUI Devices"; VariantName = "[No Variations]"
Add component (AddParameter): Name = "Manufacturer_Part_Number"; Value = "PTN10-E02HB20"; VariantName = "[No Variations]"
Add component (AddParameter): Name = "Mouser Part Number"; Value = "179-PTN10-E02HB20"; VariantName = "[No Variations]"
Add component (AddParameter): Name = "Mouser Price/Stock"; Value = "https://www.mouser.co.uk/ProductDetail/CUI-Devices/PTN10-E02HB20?qs=vvQtp7zwQdPZBhOJTXlYlA%3D%3D"; VariantName = "[No Variations]"
Added Component: Designator=VR4(PTN10E02HB20)
Add component (AddParameter): Name = "Arrow Part Number"; Value = ""; VariantName = "[No Variations]"
Add component (AddParameter): Name = "Arrow Price/Stock"; Value = ""; VariantName = "[No Variations]"
Add component (AddParameter): Name = "Datasheet Link"; Value = "https://www.mouser.pl/ProductDetail/CUI-Devices/PTN06-D20CB20?qs=Jm2GQyTW%2Fbi6yAl5ToF%252B9A%3D%3D"; VariantName = "[No Variations]"
Add component (AddParameter): Name = "Height"; Value = "6.2mm"; VariantName = "[No Variations]"
Add component (AddParameter): Name = "Manufacturer_Name"; Value = "CUI Devices"; VariantName = "[No Variations]"
Add component (AddParameter): Name = "Manufacturer_Part_Number"; Value = "PTN10-E02HB20"; VariantName = "[No Variations]"
Add component (AddParameter): Name = "Mouser Part Number"; Value = "179-PTN10-E02HB20"; VariantName = "[No Variations]"
Add component (AddParameter): Name = "Mouser Price/Stock"; Value = "https://www.mouser.co.uk/ProductDetail/CUI-Devices/PTN10-E02HB20?qs=vvQtp7zwQdPZBhOJTXlYlA%3D%3D"; VariantName = "[No Variations]"
Added Component: Designator=VR5(PTN10E02HB20)
Add component (AddParameter): Name = "Arrow Part Number"; Value = ""; VariantName = "[No Variations]"
Add component (AddParameter): Name = "Arrow Price/Stock"; Value = ""; VariantName = "[No Variations]"
Add component (AddParameter): Name = "Datasheet Link"; Value = "https://www.mouser.pl/ProductDetail/CUI-Devices/PTN06-D20CB20?qs=Jm2GQyTW%2Fbi6yAl5ToF%252B9A%3D%3D"; VariantName = "[No Variations]"
Add component (AddParameter): Name = "Height"; Value = "6.2mm"; VariantName = "[No Variations]"
Add component (AddParameter): Name = "Manufacturer_Name"; Value = "CUI Devices"; VariantName = "[No Variations]"
Add component (AddParameter): Name = "Manufacturer_Part_Number"; Value = "PTN10-E02HB20"; VariantName = "[No Variations]"
Add component (AddParameter): Name = "Mouser Part Number"; Value = "179-PTN10-E02HB20"; VariantName = "[No Variations]"
Add component (AddParameter): Name = "Mouser Price/Stock"; Value = "https://www.mouser.co.uk/ProductDetail/CUI-Devices/PTN10-E02HB20?qs=vvQtp7zwQdPZBhOJTXlYlA%3D%3D"; VariantName = "[No Variations]"
Added Component: Designator=Z1(SOD3816X140N)
Add component (AddParameter): Name = "Arrow Part Number"; Value = ""; VariantName = "[No Variations]"
Add component (AddParameter): Name = "Arrow Price/Stock"; Value = ""; VariantName = "[No Variations]"
Add component (AddParameter): Name = "Datasheet Link"; Value = "https://www.tme.eu/it/Document/615b5be1bd360366cd867e80cdd3ea35/BZT52C_SER.pdf"; VariantName = "[No Variations]"
Add component (AddParameter): Name = "Height"; Value = "1.4mm"; VariantName = "[No Variations]"
Add component (AddParameter): Name = "Manufacturer_Name"; Value = "DC COMPONENTS CO."; VariantName = "[No Variations]"
Add component (AddParameter): Name = "Manufacturer_Part_Number"; Value = "BZT52C3V3-DC"; VariantName = "[No Variations]"
Add component (AddParameter): Name = "Mouser Part Number"; Value = ""; VariantName = "[No Variations]"
Add component (AddParameter): Name = "Mouser Price/Stock"; Value = ""; VariantName = "[No Variations]"
Added Pin To Net: NetName=2.5v mcu check Pin=C11-1
Added Pin To Net: NetName=2.5v mcu check Pin=IC2-7
Added Pin To Net: NetName=2.5v mcu check Pin=IC4-6
Added Pin To Net: NetName=2.5v mcu check Pin=IC5-3
Added Pin To Net: NetName=2.5v mcu check Pin=IC5-5
Added Pin To Net: NetName=2.5v mcu check Pin=IC6-2
Added Pin To Net: NetName=2.5v mcu check Pin=IC6-6
Added Pin To Net: NetName=2.5v mcu check Pin=IC7-2
Added Pin To Net: NetName=2.5v mcu check Pin=IC7-6
Added Net: Name=2.5v mcu check
Added Pin To Net: NetName=3.3v Pin=C10-1
Added Pin To Net: NetName=3.3v Pin=CON3-2
Added Pin To Net: NetName=3.3v Pin=CON3-4
Added Pin To Net: NetName=3.3v Pin=CON4-2
Added Pin To Net: NetName=3.3v Pin=CON4-4
Added Pin To Net: NetName=3.3v Pin=IC2-4
Added Pin To Net: NetName=3.3v Pin=IC4-4
Added Pin To Net: NetName=3.3v Pin=IC5-8
Added Pin To Net: NetName=3.3v Pin=IC6-8
Added Pin To Net: NetName=3.3v Pin=IC7-8
Added Pin To Net: NetName=3.3v Pin=IC11-8
Added Pin To Net: NetName=3.3v Pin=L2-2
Added Pin To Net: NetName=3.3v Pin=Q1-2
Added Pin To Net: NetName=3.3v Pin=Q3-2
Added Pin To Net: NetName=3.3v Pin=R1-2
Added Pin To Net: NetName=3.3v Pin=R6-2
Added Pin To Net: NetName=3.3v Pin=R24-2
Added Net: Name=3.3v
Added Pin To Net: NetName=24v Pin=C5-1
Added Pin To Net: NetName=24v Pin=C6-1
Added Pin To Net: NetName=24v Pin=C7-1
Added Pin To Net: NetName=24v Pin=IC3-2
Added Pin To Net: NetName=24v Pin=IC3-3
Added Pin To Net: NetName=24v Pin=IC8-5
Added Pin To Net: NetName=24v Pin=IC9-5
Added Pin To Net: NetName=24v Pin=IC10-5
Added Pin To Net: NetName=24v Pin=IC12-5
Added Pin To Net: NetName=24v Pin=J2-1
Added Pin To Net: NetName=24v Pin=L1-2
Added Pin To Net: NetName=24v Pin=R3-2
Added Pin To Net: NetName=24v Pin=R5-2
Added Pin To Net: NetName=24v Pin=R20-2
Added Pin To Net: NetName=24v Pin=R21-2
Added Pin To Net: NetName=24v Pin=R23-2
Added Pin To Net: NetName=24v Pin=R26-2
Added Net: Name=24v
Added Pin To Net: NetName=alert Pin=IC2-18
Added Pin To Net: NetName=alert Pin=IC11-4
Added Net: Name=alert
Added Pin To Net: NetName=bms rx Pin=CON2-1
Added Pin To Net: NetName=bms rx Pin=IC2-25
Added Net: Name=bms rx
Added Pin To Net: NetName=bms tx Pin=CON2-2
Added Pin To Net: NetName=bms tx Pin=IC2-26
Added Net: Name=bms tx
Added Pin To Net: NetName=CHARGER Pin=J1-2
Added Pin To Net: NetName=CHARGER Pin=U1-1
Added Pin To Net: NetName=CHARGER Pin=Z1-1
Added Net: Name=CHARGER
Added Pin To Net: NetName=chr/dis current Pin=IC2-17
Added Pin To Net: NetName=chr/dis current Pin=IC11-6
Added Net: Name=chr/dis current
Added Pin To Net: NetName=error pull down Pin=IC3-7
Added Pin To Net: NetName=error pull down Pin=IC8-1
Added Pin To Net: NetName=error pull down Pin=IC9-1
Added Pin To Net: NetName=error pull down Pin=IC10-1
Added Pin To Net: NetName=error pull down Pin=IC12-1
Added Pin To Net: NetName=error pull down Pin=LED1-1
Added Pin To Net: NetName=error pull down Pin=R20-1
Added Pin To Net: NetName=error pull down Pin=R21-1
Added Pin To Net: NetName=error pull down Pin=R23-1
Added Pin To Net: NetName=error pull down Pin=R26-1
Added Net: Name=error pull down
Added Pin To Net: NetName=GND Pin=C2-2
Added Pin To Net: NetName=GND Pin=C3-2
Added Pin To Net: NetName=GND Pin=C5-2
Added Pin To Net: NetName=GND Pin=C6-2
Added Pin To Net: NetName=GND Pin=C7-2
Added Pin To Net: NetName=GND Pin=c8-1
Added Pin To Net: NetName=GND Pin=c8-2
Added Pin To Net: NetName=GND Pin=c8-3
Added Pin To Net: NetName=GND Pin=c8-4
Added Pin To Net: NetName=GND Pin=c8-5
Added Pin To Net: NetName=GND Pin=c8-6
Added Pin To Net: NetName=GND Pin=c8-7
Added Pin To Net: NetName=GND Pin=c8-8
Added Pin To Net: NetName=GND Pin=c8-9
Added Pin To Net: NetName=GND Pin=c8-10
Added Pin To Net: NetName=GND Pin=c8-11
Added Pin To Net: NetName=GND Pin=c8-12
Added Pin To Net: NetName=GND Pin=c8-14
Added Pin To Net: NetName=GND Pin=c8-15
Added Pin To Net: NetName=GND Pin=c8-16
Added Pin To Net: NetName=GND Pin=c8-17
Added Pin To Net: NetName=GND Pin=c8-18
Added Pin To Net: NetName=GND Pin=c8-19
Added Pin To Net: NetName=GND Pin=c8-20
Added Pin To Net: NetName=GND Pin=c8-21
Added Pin To Net: NetName=GND Pin=c8-22
Added Pin To Net: NetName=GND Pin=c8-23
Added Pin To Net: NetName=GND Pin=c8-24
Added Pin To Net: NetName=GND Pin=c8-25
Added Pin To Net: NetName=GND Pin=C10-2
Added Pin To Net: NetName=GND Pin=C11-2
Added Pin To Net: NetName=GND Pin=C12-2
Added Pin To Net: NetName=GND Pin=C13-2
Added Pin To Net: NetName=GND Pin=C14-2
Added Pin To Net: NetName=GND Pin=C15-2
Added Pin To Net: NetName=GND Pin=C16-2
Added Pin To Net: NetName=GND Pin=C17-2
Added Pin To Net: NetName=GND Pin=C18-2
Added Pin To Net: NetName=GND Pin=CON1-4
Added Pin To Net: NetName=GND Pin=CON2-3
Added Pin To Net: NetName=GND Pin=IC1-1
Added Pin To Net: NetName=GND Pin=IC1-2
Added Pin To Net: NetName=GND Pin=IC1-13
Added Pin To Net: NetName=GND Pin=IC2-5
Added Pin To Net: NetName=GND Pin=IC3-4
Added Pin To Net: NetName=GND Pin=IC4-1
Added Pin To Net: NetName=GND Pin=IC4-2
Added Pin To Net: NetName=GND Pin=IC5-4
Added Pin To Net: NetName=GND Pin=IC6-4
Added Pin To Net: NetName=GND Pin=IC7-4
Added Pin To Net: NetName=GND Pin=IC8-2
Added Pin To Net: NetName=GND Pin=IC9-2
Added Pin To Net: NetName=GND Pin=IC10-2
Added Pin To Net: NetName=GND Pin=IC11-3
Added Pin To Net: NetName=GND Pin=IC11-10
Added Pin To Net: NetName=GND Pin=IC12-2
Added Pin To Net: NetName=GND Pin=J1-1
Added Pin To Net: NetName=GND Pin=J2-2
Added Pin To Net: NetName=GND Pin=R4-1
Added Pin To Net: NetName=GND Pin=R7-1
Added Pin To Net: NetName=GND Pin=R8-1
Added Pin To Net: NetName=GND Pin=R11-1
Added Pin To Net: NetName=GND Pin=R12-1
Added Pin To Net: NetName=GND Pin=R14-1
Added Pin To Net: NetName=GND Pin=R16-1
Added Pin To Net: NetName=GND Pin=R22-1
Added Pin To Net: NetName=GND Pin=R25-1
Added Pin To Net: NetName=GND Pin=VR2-E1
Added Pin To Net: NetName=GND Pin=VR2-S1
Added Pin To Net: NetName=GND Pin=VR3-E1
Added Pin To Net: NetName=GND Pin=VR3-S1
Added Pin To Net: NetName=GND Pin=VR4-E1
Added Pin To Net: NetName=GND Pin=VR4-S1
Added Pin To Net: NetName=GND Pin=VR5-E1
Added Pin To Net: NetName=GND Pin=VR5-S1
Added Net: Name=GND
Added Pin To Net: NetName=main relay coil Pin=*1-3
Added Pin To Net: NetName=main relay coil Pin=Q10-2
Added Net: Name=main relay coil
Added Pin To Net: NetName=MCU_OK Pin=IC2-19
Added Pin To Net: NetName=MCU_OK Pin=IC12-3
Added Net: Name=MCU_OK
Added Pin To Net: NetName=Net*1_2 Pin=*1-2
Added Pin To Net: NetName=Net*1_2 Pin=IC11-1
Added Net: Name=Net*1_2
Added Pin To Net: NetName=Net*1_4 Pin=*1-4
Added Pin To Net: NetName=Net*1_4 Pin=R22-2
Added Net: Name=Net*1_4
Added Pin To Net: NetName=NetC1_1 Pin=C1-1
Added Pin To Net: NetName=NetC1_1 Pin=IC1-11
Added Pin To Net: NetName=NetC1_1 Pin=IC1-12
Added Pin To Net: NetName=NetC1_1 Pin=L1-1
Added Net: Name=NetC1_1
Added Pin To Net: NetName=NetC1_2 Pin=C1-2
Added Pin To Net: NetName=NetC1_2 Pin=IC1-10
Added Net: Name=NetC1_2
Added Pin To Net: NetName=NetC4_1 Pin=C4-1
Added Pin To Net: NetName=NetC4_1 Pin=IC3-5
Added Pin To Net: NetName=NetC4_1 Pin=L2-1
Added Net: Name=NetC4_1
Added Pin To Net: NetName=NetC4_2 Pin=C4-2
Added Pin To Net: NetName=NetC4_2 Pin=IC3-6
Added Net: Name=NetC4_2
Added Pin To Net: NetName=Netc8_13 Pin=c8-13
Added Net: Name=Netc8_13
Added Pin To Net: NetName=NetC12_1 Pin=C12-1
Added Pin To Net: NetName=NetC12_1 Pin=IC5-2
Added Pin To Net: NetName=NetC12_1 Pin=R10-1
Added Pin To Net: NetName=NetC12_1 Pin=R12-2
Added Net: Name=NetC12_1
Added Pin To Net: NetName=NetC13_1 Pin=C13-1
Added Pin To Net: NetName=NetC13_1 Pin=IC5-6
Added Pin To Net: NetName=NetC13_1 Pin=R9-1
Added Pin To Net: NetName=NetC13_1 Pin=R11-2
Added Net: Name=NetC13_1
Added Pin To Net: NetName=NetD1_1 Pin=D1-1
Added Pin To Net: NetName=NetD1_1 Pin=R16-2
Added Net: Name=NetD1_1
Added Pin To Net: NetName=NetD1_2 Pin=D1-2
Added Pin To Net: NetName=NetD1_2 Pin=U1-2
Added Net: Name=NetD1_2
Added Pin To Net: NetName=NetD1_3 Pin=D1-3
Added Pin To Net: NetName=NetD1_3 Pin=F1-1
Added Net: Name=NetD1_3
Added Pin To Net: NetName=NetF1_2 Pin=F1-2
Added Pin To Net: NetName=NetF1_2 Pin=R15-1
Added Net: Name=NetF1_2
Added Pin To Net: NetName=NetIC1_4 Pin=IC1-4
Added Net: Name=NetIC1_4
Added Pin To Net: NetName=NetIC1_7 Pin=IC1-7
Added Net: Name=NetIC1_7
Added Pin To Net: NetName=NetIC1_8 Pin=IC1-8
Added Pin To Net: NetName=NetIC1_8 Pin=R3-1
Added Pin To Net: NetName=NetIC1_8 Pin=R4-2
Added Net: Name=NetIC1_8
Added Pin To Net: NetName=NetIC1_9 Pin=IC1-9
Added Pin To Net: NetName=NetIC1_9 Pin=R2-1
Added Net: Name=NetIC1_9
Added Pin To Net: NetName=NetIC2_1 Pin=IC2-1
Added Net: Name=NetIC2_1
Added Pin To Net: NetName=NetIC2_2 Pin=IC2-2
Added Net: Name=NetIC2_2
Added Pin To Net: NetName=NetIC2_3 Pin=IC2-3
Added Net: Name=NetIC2_3
Added Pin To Net: NetName=NetIC2_6 Pin=IC2-6
Added Net: Name=NetIC2_6
Added Pin To Net: NetName=NetIC2_8 Pin=IC2-8
Added Net: Name=NetIC2_8
Added Pin To Net: NetName=NetIC2_13 Pin=IC2-13
Added Net: Name=NetIC2_13
Added Pin To Net: NetName=NetIC2_14 Pin=IC2-14
Added Net: Name=NetIC2_14
Added Pin To Net: NetName=NetIC2_15 Pin=IC2-15
Added Net: Name=NetIC2_15
Added Pin To Net: NetName=NetIC2_16 Pin=IC2-16
Added Net: Name=NetIC2_16
Added Pin To Net: NetName=NetIC2_20 Pin=IC2-20
Added Net: Name=NetIC2_20
Added Pin To Net: NetName=NetIC2_21 Pin=IC2-21
Added Net: Name=NetIC2_21
Added Pin To Net: NetName=NetIC2_22 Pin=IC2-22
Added Net: Name=NetIC2_22
Added Pin To Net: NetName=NetIC2_23 Pin=IC2-23
Added Net: Name=NetIC2_23
Added Pin To Net: NetName=NetIC2_24 Pin=IC2-24
Added Net: Name=NetIC2_24
Added Pin To Net: NetName=NetIC2_27 Pin=IC2-27
Added Net: Name=NetIC2_27
Added Pin To Net: NetName=NetIC2_28 Pin=IC2-28
Added Net: Name=NetIC2_28
Added Pin To Net: NetName=NetIC2_29 Pin=IC2-29
Added Net: Name=NetIC2_29
Added Pin To Net: NetName=NetIC3_1 Pin=IC3-1
Added Pin To Net: NetName=NetIC3_1 Pin=R8-2
Added Net: Name=NetIC3_1
Added Pin To Net: NetName=NetIC3_8 Pin=IC3-8
Added Pin To Net: NetName=NetIC3_8 Pin=R6-1
Added Pin To Net: NetName=NetIC3_8 Pin=R7-2
Added Net: Name=NetIC3_8
Added Pin To Net: NetName=NetIC4_3 Pin=IC4-3
Added Net: Name=NetIC4_3
Added Pin To Net: NetName=NetIC4_5 Pin=IC4-5
Added Net: Name=NetIC4_5
Added Pin To Net: NetName=NetIC8_4 Pin=IC8-4
Added Pin To Net: NetName=NetIC8_4 Pin=Q7-1
Added Net: Name=NetIC8_4
Added Pin To Net: NetName=NetIC9_4 Pin=IC9-4
Added Pin To Net: NetName=NetIC9_4 Pin=Q8-1
Added Net: Name=NetIC9_4
Added Pin To Net: NetName=NetIC10_4 Pin=IC10-4
Added Pin To Net: NetName=NetIC10_4 Pin=Q9-1
Added Net: Name=NetIC10_4
Added Pin To Net: NetName=NetIC11_5 Pin=IC11-5
Added Net: Name=NetIC11_5
Added Pin To Net: NetName=NetIC11_9 Pin=IC11-9
Added Pin To Net: NetName=NetIC11_9 Pin=R24-1
Added Pin To Net: NetName=NetIC11_9 Pin=R25-2
Added Net: Name=NetIC11_9
Added Pin To Net: NetName=NetIC12_4 Pin=IC12-4
Added Pin To Net: NetName=NetIC12_4 Pin=Q10-1
Added Net: Name=NetIC12_4
Added Pin To Net: NetName=NetJ1_3 Pin=J1-3
Added Net: Name=NetJ1_3
Added Pin To Net: NetName=NetJ1_4 Pin=J1-4
Added Net: Name=NetJ1_4
Added Pin To Net: NetName=NetLED1_2 Pin=LED1-2
Added Pin To Net: NetName=NetLED1_2 Pin=R5-1
Added Net: Name=NetLED1_2
Added Pin To Net: NetName=NetQ1_3 Pin=Q1-3
Added Pin To Net: NetName=NetQ1_3 Pin=Q2-2
Added Net: Name=NetQ1_3
Added Pin To Net: NetName=NetQ3_3 Pin=Q3-3
Added Pin To Net: NetName=NetQ3_3 Pin=Q4-2
Added Net: Name=NetQ3_3
Added Pin To Net: NetName=NetQ4_3 Pin=Q4-3
Added Pin To Net: NetName=NetQ4_3 Pin=Q5-2
Added Net: Name=NetQ4_3
Added Pin To Net: NetName=NetQ5_3 Pin=Q5-3
Added Pin To Net: NetName=NetQ5_3 Pin=Q6-2
Added Net: Name=NetQ5_3
Added Pin To Net: NetName=NetQ7_2 Pin=Q7-2
Added Pin To Net: NetName=NetQ7_2 Pin=Q8-3
Added Net: Name=NetQ7_2
Added Pin To Net: NetName=NetQ7_3 Pin=Q7-3
Added Net: Name=NetQ7_3
Added Pin To Net: NetName=NetQ8_2 Pin=Q8-2
Added Pin To Net: NetName=NetQ8_2 Pin=Q9-3
Added Net: Name=NetQ8_2
Added Pin To Net: NetName=NetQ9_2 Pin=Q9-2
Added Pin To Net: NetName=NetQ9_2 Pin=Q10-3
Added Net: Name=NetQ9_2
Added Pin To Net: NetName=NetR15_2 Pin=R15-2
Added Pin To Net: NetName=NetR15_2 Pin=Z1-2
Added Net: Name=NetR15_2
Added Pin To Net: NetName=ntc_1 Pin=C15-1
Added Pin To Net: NetName=ntc_1 Pin=CON3-3
Added Pin To Net: NetName=ntc_1 Pin=IC2-9
Added Pin To Net: NetName=ntc_1 Pin=IC6-3
Added Pin To Net: NetName=ntc_1 Pin=VR5-A1
Added Net: Name=ntc_1
Added Pin To Net: NetName=ntc_2 Pin=C16-1
Added Pin To Net: NetName=ntc_2 Pin=CON3-1
Added Pin To Net: NetName=ntc_2 Pin=IC2-10
Added Pin To Net: NetName=ntc_2 Pin=IC6-5
Added Pin To Net: NetName=ntc_2 Pin=VR4-A1
Added Net: Name=ntc_2
Added Pin To Net: NetName=ntc_3 Pin=C17-1
Added Pin To Net: NetName=ntc_3 Pin=CON4-3
Added Pin To Net: NetName=ntc_3 Pin=IC2-11
Added Pin To Net: NetName=ntc_3 Pin=IC7-3
Added Pin To Net: NetName=ntc_3 Pin=VR3-A1
Added Net: Name=ntc_3
Added Pin To Net: NetName=ntc_4 Pin=C18-1
Added Pin To Net: NetName=ntc_4 Pin=CON4-1
Added Pin To Net: NetName=ntc_4 Pin=IC2-12
Added Pin To Net: NetName=ntc_4 Pin=IC7-5
Added Pin To Net: NetName=ntc_4 Pin=VR2-A1
Added Net: Name=ntc_4
Added Pin To Net: NetName=OC alarm Pin=IC10-3
Added Pin To Net: NetName=OC alarm Pin=IC11-7
Added Net: Name=OC alarm
Added Pin To Net: NetName=oled_com Pin=CON1-3
Added Pin To Net: NetName=oled_com Pin=IC2-30
Added Pin To Net: NetName=oled_com Pin=R1-1
Added Net: Name=oled_com
Added Pin To Net: NetName=oled_scl Pin=CON1-2
Added Pin To Net: NetName=oled_scl Pin=IC2-32
Added Net: Name=oled_scl
Added Pin To Net: NetName=oles_sda Pin=CON1-1
Added Pin To Net: NetName=oles_sda Pin=IC2-31
Added Net: Name=oles_sda
Added Pin To Net: NetName=thermal_1 Pin=IC6-1
Added Pin To Net: NetName=thermal_1 Pin=Q3-1
Added Net: Name=thermal_1
Added Pin To Net: NetName=thermal_2 Pin=IC6-7
Added Pin To Net: NetName=thermal_2 Pin=Q4-1
Added Net: Name=thermal_2
Added Pin To Net: NetName=thermal_3 Pin=IC7-1
Added Pin To Net: NetName=thermal_3 Pin=Q5-1
Added Net: Name=thermal_3
Added Pin To Net: NetName=thermal_4 Pin=IC7-7
Added Pin To Net: NetName=thermal_4 Pin=Q6-1
Added Net: Name=thermal_4
Added Pin To Net: NetName=thermal protection Pin=IC8-3
Added Pin To Net: NetName=thermal protection Pin=Q6-3
Added Net: Name=thermal protection
Added Pin To Net: NetName=uvp1_a Pin=IC5-1
Added Pin To Net: NetName=uvp1_a Pin=Q2-1
Added Net: Name=uvp1_a
Added Pin To Net: NetName=uvp1_b Pin=IC5-7
Added Pin To Net: NetName=uvp1_b Pin=Q1-1
Added Net: Name=uvp1_b
Added Pin To Net: NetName=UVP HighLevel Pin=IC9-3
Added Pin To Net: NetName=UVP HighLevel Pin=Q2-3
Added Net: Name=UVP HighLevel
Added Pin To Net: NetName=UVP LowLevel Pin=C14-1
Added Pin To Net: NetName=UVP LowLevel Pin=IC1-3
Added Pin To Net: NetName=UVP LowLevel Pin=R13-1
Added Pin To Net: NetName=UVP LowLevel Pin=R14-2
Added Net: Name=UVP LowLevel
Added Pin To Net: NetName=VBAT Pin=*1-1
Added Pin To Net: NetName=VBAT Pin=c9-1
Added Pin To Net: NetName=VBAT Pin=c9-2
Added Pin To Net: NetName=VBAT Pin=c9-3
Added Pin To Net: NetName=VBAT Pin=c9-4
Added Pin To Net: NetName=VBAT Pin=c9-5
Added Pin To Net: NetName=VBAT Pin=c9-6
Added Pin To Net: NetName=VBAT Pin=c9-7
Added Pin To Net: NetName=VBAT Pin=c9-8
Added Pin To Net: NetName=VBAT Pin=c9-9
Added Pin To Net: NetName=VBAT Pin=c9-10
Added Pin To Net: NetName=VBAT Pin=c9-11
Added Pin To Net: NetName=VBAT Pin=c9-12
Added Pin To Net: NetName=VBAT Pin=c9-13
Added Pin To Net: NetName=VBAT Pin=c9-14
Added Pin To Net: NetName=VBAT Pin=c9-15
Added Pin To Net: NetName=VBAT Pin=c9-16
Added Pin To Net: NetName=VBAT Pin=c9-17
Added Pin To Net: NetName=VBAT Pin=c9-18
Added Pin To Net: NetName=VBAT Pin=c9-19
Added Pin To Net: NetName=VBAT Pin=c9-20
Added Pin To Net: NetName=VBAT Pin=c9-21
Added Pin To Net: NetName=VBAT Pin=c9-22
Added Pin To Net: NetName=VBAT Pin=c9-23
Added Pin To Net: NetName=VBAT Pin=c9-24
Added Pin To Net: NetName=VBAT Pin=c9-25
Added Pin To Net: NetName=VBAT Pin=D2-2
Added Pin To Net: NetName=VBAT Pin=R9-2
Added Pin To Net: NetName=VBAT Pin=R10-2
Added Pin To Net: NetName=VBAT Pin=R13-2
Added Net: Name=VBAT
Added Pin To Net: NetName=VCHR/DIS Pin=c19-1
Added Pin To Net: NetName=VCHR/DIS Pin=c19-2
Added Pin To Net: NetName=VCHR/DIS Pin=c19-3
Added Pin To Net: NetName=VCHR/DIS Pin=c19-4
Added Pin To Net: NetName=VCHR/DIS Pin=c19-5
Added Pin To Net: NetName=VCHR/DIS Pin=c19-6
Added Pin To Net: NetName=VCHR/DIS Pin=c19-7
Added Pin To Net: NetName=VCHR/DIS Pin=c19-8
Added Pin To Net: NetName=VCHR/DIS Pin=c19-9
Added Pin To Net: NetName=VCHR/DIS Pin=c19-10
Added Pin To Net: NetName=VCHR/DIS Pin=c19-11
Added Pin To Net: NetName=VCHR/DIS Pin=c19-12
Added Pin To Net: NetName=VCHR/DIS Pin=c19-13
Added Pin To Net: NetName=VCHR/DIS Pin=c19-14
Added Pin To Net: NetName=VCHR/DIS Pin=c19-15
Added Pin To Net: NetName=VCHR/DIS Pin=c19-16
Added Pin To Net: NetName=VCHR/DIS Pin=c19-17
Added Pin To Net: NetName=VCHR/DIS Pin=c19-18
Added Pin To Net: NetName=VCHR/DIS Pin=c19-19
Added Pin To Net: NetName=VCHR/DIS Pin=c19-20
Added Pin To Net: NetName=VCHR/DIS Pin=c19-21
Added Pin To Net: NetName=VCHR/DIS Pin=c19-22
Added Pin To Net: NetName=VCHR/DIS Pin=c19-23
Added Pin To Net: NetName=VCHR/DIS Pin=c19-24
Added Pin To Net: NetName=VCHR/DIS Pin=c19-25
Added Pin To Net: NetName=VCHR/DIS Pin=IC11-2
Added Net: Name=VCHR/DIS
Added Pin To Net: NetName=VIC Pin=C2-1
Added Pin To Net: NetName=VIC Pin=C3-1
Added Pin To Net: NetName=VIC Pin=D2-1
Added Pin To Net: NetName=VIC Pin=IC1-5
Added Pin To Net: NetName=VIC Pin=IC1-6
Added Pin To Net: NetName=VIC Pin=R2-2
Added Net: Name=VIC
Added Class: Name=main relay and current sensor 
Added Class: Name=mcu and voltage regulators
Added Class: Name=ovp
Added Class: Name=thermal protection
Added Class: Name=uvp
