Removed Pin From Net: NetName=GND Pin=c8-13
Added Component: Designator=C25(C 0603)
Added Component: Designator=C26(C 0603)
Added Component: Designator=C27(C 0603)
Added Component: Designator=C28(C 0603)
Added Component: Designator=C29(C 0603)
Added Pin To Net: NetName=Netc8_13 Pin=c8-13
Added Pin To Net: NetName=2.5v mcu check Pin=C25-1
Added Pin To Net: NetName=GND Pin=C25-2
Added Pin To Net: NetName=2.5v mcu check Pin=C26-1
Added Pin To Net: NetName=GND Pin=C26-2
Added Pin To Net: NetName=2.5v mcu check Pin=C27-1
Added Pin To Net: NetName=GND Pin=C27-2
Added Pin To Net: NetName=2.5v mcu check Pin=C28-1
Added Pin To Net: NetName=GND Pin=C28-2
Added Pin To Net: NetName=2.5v mcu check Pin=C29-1
Added Pin To Net: NetName=GND Pin=C29-2
Change Class Name : Old Net Name=main relay and current sensor New Net Name=main relay and current sensor 
Added Member To Class: ClassName=mcu and voltage regulators Member=Component C25 1uf
Added Member To Class: ClassName=mcu and voltage regulators Member=Component C26 1uf
Added Member To Class: ClassName=mcu and voltage regulators Member=Component C27 1uf
Added Member To Class: ClassName=mcu and voltage regulators Member=Component C28 1uf
Added Member To Class: ClassName=mcu and voltage regulators Member=Component C29 1uf
Added Member To Class: ClassName=main relay and current sensor  Member=Component Q9 Model
